         w __deregister_frame_info
         w _ITM_deregisterTMCloneTable
         w _ITM_registerTMCloneTable
         w __register_frame_info
00000000 00000401 b __fixedpath
00000000 b .LANCHOR1
00000000 a shift
00000000 a shift
00000000 b _TLS_MODULE_BASE_
00000404 b .LANCHOR3
00000404 00000802 b __utf16path
00000c08 b .LANCHOR5
00000c08 00000802 b __utf16path_old.8577
00100000 T _start
00100000 A __start__
00100008 T __service_ptr
0010000c T __apt_appid
00100010 T __heap_size
00100014 T __linear_heap_size
00100018 T __system_arglist
0010001c T __system_runflags
00100020 t startup
00100058 t ClearMem
0010006c t ClrLoop
00100094 T _init
001000ac T initSystem
001000f0 T __ctru_exit
00100110 T __aeabi_uidiv
00100110 000001ec T __udivsi3
00100110 t .udivsi3_skip_div0_test
001002fc 00000020 T __aeabi_uidivmod
0010031c T __aeabi_idiv
0010031c 00000220 T __divsi3
00100324 t .divsi3_skip_div0_test
0010053c 00000020 T __aeabi_idivmod
0010055c 00000004 W __aeabi_idiv0
0010055c 00000004 W __aeabi_ldiv0
00100560 T __aeabi_drsub
00100568 000002b0 T __aeabi_dsub
00100568 000002b0 T __subdf3
0010056c 000002ac T __adddf3
0010056c 000002ac T __aeabi_dadd
00100818 00000024 T __aeabi_ui2d
00100818 00000024 T __floatunsidf
0010083c 00000028 T __aeabi_i2d
0010083c 00000028 T __floatsidf
00100864 00000048 T __aeabi_f2d
00100864 00000048 T __extendsfdf2
001008ac 00000074 T __aeabi_ul2d
001008ac 00000074 T __floatundidf
001008c0 00000060 T __aeabi_l2d
001008c0 00000060 T __floatdidf
00100920 T __aeabi_uldivmod
00100968 00000390 T strcmp
00100cf0 t deregister_tm_clones
00100d1c t register_tm_clones
00100d54 t __do_global_dtors_aux
00100d98 t frame_dummy
00100dcc 0000012c T drawError
00100ef8 00000114 T drawRectOutline
0010100c 00000104 T drawFiles
00101110 000000a0 T loadSplits
001011b0 00000070 T getBufferLine
00101220 000006cc T main
001018ec 0000001c T SL_Timer_CreateTimer
00101908 00000084 T SL_Timer_LoadFromSplitFile
0010198c 000000cc T SL_Timer_StartSplit
00101a58 000000b8 T SL_Timer_Reset
00101b10 00000214 T u64ToDelta
00101d24 000001a8 T SL_Timer_GetDeltaText
00101ed0 00000130 T u64ToTime
00102000 00000074 T SL_Timer_GetMainTimerText
00102074 00000088 T SL_Timer_GetCurrSplitText
001020fc 000003b0 T SL_Timer_Draw
001024ac 0000032c T C2D_Init
001027d8 00000048 T C2D_Fini
00102820 000000c8 T C2D_Prepare
001028e8 0000010c T C2D_SceneSize
001029f4 00000044 T C2D_CreateScreenTarget
00102a38 00000140 T C2Di_CalcQuad
00102b78 00000040 T C2Di_AppendVtx
00102bb8 00000030 T C2Di_FlushVtxBuf
00102be8 00000020 t C2Di_FrameEndHook
00102c08 00000018 T C2D_Flush
00102c20 00000030 T C2D_TargetClear
00102c50 00000218 T C2Di_Update
00102e68 000002ec T C2D_DrawImage
00103154 000001c0 T C2D_DrawRectangle
00103314 00000018 t C2Di_GlyphComp
0010332c 00000154 T C2D_TextBufNew
00103480 00000004 T C2D_TextBufDelete
00103484 0000000c T C2D_TextBufClear
00103490 0000017c T C2D_TextParseLine
0010360c 00000080 T C2D_TextParse
0010368c 0000002c T C2D_TextOptimize
001036b8 00000238 T C2D_DrawText
001038f0 0000006c T C2D_SpriteSheetLoadFromHandle
0010395c 00000034 T C2D_SpriteSheetLoad
00103990 00000028 T C2D_SpriteSheetFree
001039b8 00000028 T C2D_SpriteSheetGetImage
001039e0 000000c4 t C3Di_SplitFrame.part.1
00103aa4 00000004 W C3Di_LightEnvUpdate
00103aa8 00000004 W C3Di_LightEnvDirty
00103aac 000000ac t C3Di_AptEventHook
00103b58 00000004 W C3Di_GasUpdate
00103b5c 0000021c T C3D_Init
00103d78 00000098 T C3D_SetViewport
00103e10 0000050c T C3Di_UpdateContext
0010431c 00000020 T C3Di_SplitFrame
0010433c 00000064 T C3D_Fini
001043a0 00000114 T C3D_BindProgram
001044b4 00000054 t C3Di_RenderQueueInit
00104508 00000080 t C3Di_RenderTargetDestroy
00104588 000000ac t onVBlank1
00104634 0000013c t onVBlank0
00104770 0000000c t C3Di_RenderTargetNew
0010477c 0000007c t C3Di_WaitAndClearQueue
001047f8 000000c0 t onQueueFinish
001048b8 00000044 t C3D_FrameSplit.part.6
001048fc 00000030 T C3D_FrameSync
0010492c 000000a0 T C3Di_RenderQueueExit
001049cc 00000020 T C3Di_RenderQueueWaitDone
001049ec 0000007c T C3D_FrameBegin
00104a68 00000048 T C3D_FrameDrawOn
00104ab0 00000018 T C3D_FrameSplit
00104ac8 00000164 T C3D_FrameEnd
00104c2c 0000001c T C3D_FrameEndHook
00104c48 0000017c T C3D_RenderTargetCreate
00104dc4 0000004c T C3D_RenderTargetSetOutput
00104e10 000000b4 T C3D_SyncTextureCopy
00104ec4 00000284 T C3D_TexInitWithParams
00105148 000000dc T C3D_TexLoadImage
00105224 00000048 T C3D_TexBind
0010526c 0000007c T C3D_TexDelete
001052e8 00000174 T C3Di_SetTex
0010545c 000003e8 t Tex3DSi_ImportCommon
00105844 00000034 T Tex3DS_TextureImportStdio
00105878 0000001c T Tex3DS_GetSubTexture
00105894 00000004 T Tex3DS_TextureFree
00105898 0000001c T C3D_CalcColorBufSize
001058b4 0000001c T C3D_CalcDepthBufSize
001058d0 00000044 T C3D_SetFrameBuf
00105914 00000168 T C3Di_FrameBufBind
00105a7c 000000c8 T C3D_FrameBufClear
00105b44 00000048 T C3D_FrameBufTransfer
00105b8c 00000034 T C3D_GetTexEnv
00105bc0 00000024 T C3Di_TexEnvBind
00105be4 0000006c T C3D_ProcTexInit
00105c50 00000050 T C3D_ProcTexBind
00105ca0 00000060 T C3D_ProcTexLutBind
00105d00 000000a4 T ProcTexLut_FromArray
00105da4 00000174 T C3Di_ProcTexUpdate
00105f18 00000068 T C3Di_ProcTexDirty
00105f80 00000024 T BufInfo_Init
00105fa4 00000084 T BufInfo_Add
00106028 00000040 T C3D_SetBufInfo
00106068 00000048 T C3Di_BufInfoBind
001060b0 00000148 T C3D_DrawArrays
001061f8 00000040 T C3D_DepthMap
00106238 0000001c T C3D_CullFace
00106254 00000040 T C3D_StencilTest
00106294 00000024 T C3D_StencilOp
001062b8 0000001c T C3D_BlendingColor
001062d4 00000024 T C3D_EarlyDepthTest
001062f8 0000002c T C3D_DepthTest
00106324 0000002c T C3D_AlphaTest
00106350 00000050 T C3D_AlphaBlend
001063a0 00000030 T C3D_FragOpMode
001063d0 00000044 T C3D_FragOpShadow
00106414 000001ac T C3Di_EffectBind
001065c0 00000028 T AttrInfo_Init
001065e8 000000a0 T AttrInfo_AddLoader
00106688 00000054 T C3D_SetAttrInfo
001066dc 00000080 T C3Di_AttrInfoBind
0010675c 000000a4 T C3D_ImmSendAttrib
00106800 000002b8 T C3D_UpdateUniforms
00106ab8 000000c0 T C3Di_DirtyUniforms
00106b78 000000e0 T C3Di_LoadShaderUniforms
00106c58 00000028 T C3Di_ClearShaderUniforms
00106c80 000000cc T Mtx_Ortho
00106d4c 000000cc T Mtx_OrthoTilt
00106e18 00000024 t addrMapNodeComparator(rbtree_node const*, rbtree_node const*)
00106e3c 00000004 t addrMapNodeDestructor(rbtree_node*)
00106e40 00000110 T vramMemAlign
00106f50 00000008 T vramAlloc
00106f58 00000050 T vramFree
00106fa8 00000024 t addrMapNodeComparator(rbtree_node const*, rbtree_node const*)
00106fcc 00000004 t addrMapNodeDestructor(rbtree_node*)
00106fd0 0000011c T linearMemAlign
001070ec 00000008 T linearAlloc
001070f4 00000050 T linearFree
00107144 00000090 T MemPool::CoalesceRight(MemBlock*)
001071d4 00000174 T MemPool::Allocate(MemChunk&, unsigned long, int)
00107348 000000fc T MemPool::Deallocate(MemChunk const&)
00107444 00000008 t romfs_close
0010744c 000000bc t romfs_seek
00107508 00000028 t romfs_dirreset
00107530 00000078 t romfs_fstat
001075a8 00000054 t _romfs_read_chk
001075fc 000000dc t romfs_read
001076d8 00000084 t romfs_free
0010775c 0000016c t romfsMountCommon
001078c8 00000250 t romfs_dirnext
00107b18 000000bc t romfsInitMtime.isra.4
00107bd4 000000b4 t searchForFile.constprop.7
00107c88 000000b8 t searchForDir.constprop.8
00107d40 000001b4 t navigateToDir.constprop.6
00107ef4 00000120 t romfs_open
00108014 00000208 t romfs_stat
0010821c 00000054 t romfs_chdir
00108270 00000078 t romfs_diropen
001082e8 00000008 t romfs_dirclose
001082f0 00000340 T romfsMount
00108630 00000058 t getSysTime
00108688 00000028 t __ctru_speedup_config.part.0
001086b0 0000004c T osConvertVirtToPhys
001086fc 00000024 T osGetMemRegionUsed
00108720 00000128 T __libctru_gtod
00108848 00000078 T osGetTime
001088c0 00000018 T __ctru_speedup_config
001088d8 000000bc T fontEnsureMapped
00108994 000000dc T fontGlyphIndexFromCodePoint
00108a70 000001d8 T fontCalcGlyphPos
00108c48 0000008c t gfxSetFramebufferInfo.part.0
00108cd4 0000006c t gfxSetFramebufferInfo
00108d40 00000058 t gfxGetFramebuffer.part.1
00108d98 00000010 T gfxIs3D
00108da8 00000018 T __get_bytes_per_pixel
00108dc0 00000184 T gfxSetScreenFormat
00108f44 00000210 T gfxInit
00109154 00000010 T gfxInitDefault
00109164 000000e0 T gfxExit
00109244 00000060 T gfxGetFramebuffer
001092a4 000000f8 T gfxConfigScreen
0010939c 000001ec T shaderInstanceInit
00109588 00000034 T shaderInstanceFree
001095bc 00000018 T shaderInstanceGetUniformLocation
001095d4 00000018 T shaderProgramInit
001095ec 0000002c T shaderProgramFree
00109618 0000006c T shaderProgramSetVsh
00109684 000008d4 T shaderProgramConfigure
00109f58 000001f8 t DVLE_GenerateOutmap.part.0
0010a150 000001cc T DVLB_ParseFile
0010a31c 00000038 T DVLB_Free
0010a354 00000078 T DVLE_GetUniformRegister
0010a3cc 00000038 t submitGxCommand
0010a404 00000010 T GX_BindQueue
0010a414 00000050 T GX_ProcessCommandList
0010a464 00000054 T GX_MemoryFill
0010a4b8 00000048 T GX_DisplayTransfer
0010a500 0000004c T GX_TextureCopy
0010a54c 00000074 t gxCmdQueueDoCommands.part.0
0010a5c0 000000c8 T gxCmdQueueInterrupt
0010a688 0000004c T gxCmdQueueClear
0010a6d4 000000f8 T gxCmdQueueAdd
0010a7cc 00000080 T gxCmdQueueRun
0010a84c 00000060 T gxCmdQueueStop
0010a8ac 00000084 T gxCmdQueueWait
0010a930 00000138 T GPUCMD_Add
0010aa68 000000b0 T GPUCMD_Split
0010ab18 00000034 T f32tof16
0010ab4c 00000034 T f32tof24
0010ab80 00000038 T f32tof31
0010abb8 00000074 T gspInit
0010ac2c 0000003c T gspExit
0010ac68 00000034 T gspSetEventCallback
0010ac9c 000000a0 T gspInitEventHandler
0010ad3c 00000040 T gspExitEventHandler
0010ad7c 00000044 T gspWaitForEvent
0010adc0 00000064 T gspWaitForAnyEvent
0010ae24 00000178 t gspEventThreadMain
0010af9c 00000120 T gspSubmitGxCommand
0010b0bc 0000006c T GSPGPU_SetBufferSwap
0010b128 0000004c T GSPGPU_FlushDataCache
0010b174 00000034 T GSPGPU_SetLcdForceBlack
0010b1a8 00000064 T GSPGPU_RegisterInterruptRelayQueue
0010b20c 0000002c T GSPGPU_UnregisterInterruptRelayQueue
0010b238 00000048 T GSPGPU_AcquireRight
0010b280 0000002c T GSPGPU_ReleaseRight
0010b2ac 00000080 T GSPGPU_ImportDisplayCaptureInfo
0010b32c 0000002c T GSPGPU_SaveVramSysArea
0010b358 0000002c T GSPGPU_RestoreVramSysArea
0010b384 00000028 t fsSessionForArchive.part.0
0010b3ac 000000c4 T fsInit
0010b470 0000003c T fsExit
0010b4ac 00000064 T fsExemptFromSession
0010b510 00000054 T fsUnexemptFromSession
0010b564 000000bc T FSUSER_OpenFile
0010b620 000000d4 T FSUSER_OpenFileDirectly
0010b6f4 000000a4 T FSUSER_DeleteFile
0010b798 000000dc T FSUSER_RenameFile
0010b874 000000a4 T FSUSER_DeleteDirectory
0010b918 000000bc T FSUSER_CreateFile
0010b9d4 000000ac T FSUSER_CreateDirectory
0010ba80 000000dc T FSUSER_RenameDirectory
0010bb5c 000000a0 T FSUSER_OpenDirectory
0010bbfc 00000098 T FSUSER_OpenArchive
0010bc94 00000098 T FSUSER_ControlArchive
0010bd2c 00000070 T FSUSER_CloseArchive
0010bd9c 00000078 T FSUSER_GetSdmcArchiveResource
0010be14 00000064 T FSUSER_IsSdmcWritable
0010be78 00000058 T FSFILE_Read
0010bed0 00000064 T FSFILE_Write
0010bf34 00000038 T FSFILE_GetSize
0010bf6c 00000028 T FSFILE_SetSize
0010bf94 0000003c T FSFILE_Close
0010bfd0 00000024 T FSFILE_Flush
0010bff4 00000054 T FSDIR_Read
0010c048 0000003c T FSDIR_Close
0010c084 00000004 W _aptDebug
0010c088 00000170 T aptSendCommand
0010c1f8 0000003c t aptExitProcess
0010c234 00000034 T aptHook
0010c268 0000002c T aptUnhook
0010c294 0000004c T APT_InquireNotification
0010c2e0 00000198 t aptEventHandler
0010c478 00000074 T APT_AppletUtility
0010c4ec 000000b0 T aptSetSleepAllowed
0010c59c 000000b0 T APT_GlanceParameter
0010c64c 000000c4 T APT_ReceiveParameter
0010c710 000000bc t aptReceiveParameter.constprop.0
0010c7d0 000001e0 t aptScreenTransfer
0010c9b0 00000210 t aptWaitForWakeUp
0010cbc0 00000070 T APT_CancelParameter
0010cc30 0000025c T aptInit
0010ce8c 00000088 t aptClearParamQueue
0010cf14 00000208 T aptMainLoop
0010d120 0000023c T aptExit
0010d35c 0000007c T APT_CheckNew3DS
0010d3d8 00000048 T APT_GetSharedFont
0010d420 00000028 t hidCheckSectionUpdateTime.part.0
0010d448 000000d0 T hidExit
0010d518 00000210 T hidScanInput
0010d728 00000010 T hidKeysDown
0010d738 00000018 T hidTouchRead
0010d750 00000090 T HIDUSER_GetHandles
0010d7e0 000001a4 T hidInit
0010d984 00000074 T ptmSysmInit
0010d9f8 0000003c T ptmSysmExit
0010da34 00000034 T PTMSYSM_ConfigureNew3DSCPU
0010da68 00000128 t iov_memmove
0010db90 000000d8 t buffer_read
0010dc68 000000dc t iov_read
0010dd44 00000268 t decompress_lzss
0010dfac 000002c4 t decompress_huff.isra.1.part.2
0010e270 000001d4 t decompress_rle
0010e444 00000444 t decompress_lz11
0010e888 00000014 T decompressCallback_Stdio
0010e89c 000000e8 T decompressHeader
0010e984 00000268 T decompressV
0010ebec 00000014 T rbtree_init
0010ec00 0000018c t do_insert
0010ed8c 00000008 T rbtree_insert
0010ed94 00000090 T rbtree_rotate
0010ee24 00000330 T rbtree_remove
0010f154 00000074 T rbtree_find
0010f1c8 000000c0 T utf8_to_utf16
0010f288 00000138 T decode_utf8
0010f3c0 000000e8 T utf16_to_utf8
0010f4a8 00000038 W __libctru_init
0010f4e0 00000038 t __libctru_nanosleep
0010f518 00000030 t __ctru_get_reent
0010f548 000000fc T __system_initSyscalls
0010f644 00000104 W __system_allocateHeaps
0010f748 000000f0 T __system_initArgv
0010f838 T svcControlMemory
0010f858 T svcExitProcess
0010f860 T svcCreateThread
0010f880 T svcExitThread
0010f888 T svcSleepThread
0010f890 T svcReleaseMutex
0010f898 T svcCreateEvent
0010f8ac T svcSignalEvent
0010f8b4 T svcClearEvent
0010f8bc T svcMapMemoryBlock
0010f8c4 T svcUnmapMemoryBlock
0010f8cc T svcCreateAddressArbiter
0010f8e0 T svcArbitrateAddress
0010f8f8 T svcCloseHandle
0010f900 T svcWaitSynchronization
0010f908 T svcWaitSynchronizationN
0010f930 T svcDuplicateHandle
0010f944 T svcGetSystemTick
0010f94c T svcGetSystemInfo
0010f964 T svcConnectToPort
0010f978 T svcSendSyncRequest
0010f980 T svcBreak
0010f988 00000024 t addrMapNodeComparator(rbtree_node const*, rbtree_node const*)
0010f9ac 00000004 t addrMapNodeDestructor(rbtree_node*)
0010f9b0 000000e4 T mappableAlloc
0010fa94 00000050 T mappableFree
0010fae4 00000038 t LightLock_Unlock.part.1
0010fb1c 0000000c T __sync_init
0010fb28 00000018 T __sync_fini
0010fb40 00000010 T __sync_get_arbiter
0010fb50 00000018 T LightLock_Init
0010fb68 0000009c T LightLock_Lock
0010fc04 00000034 T LightLock_TryLock
0010fc38 00000020 T LightLock_Unlock
0010fc58 00000024 T RecursiveLock_Init
0010fc7c 00000030 T RecursiveLock_Lock
0010fcac 00000058 T RecursiveLock_TryLock
0010fd04 00000038 T RecursiveLock_Unlock
0010fd3c 00000038 T LightEvent_Init
0010fd74 0000007c T LightEvent_Clear
0010fdf0 000000dc T LightEvent_Signal
0010fecc 000000c0 T LightEvent_Wait
0010ff8c 00000080 T envGetHandle
0011000c 0000004c T envDestroyHandles
00110058 00000058 T srvExit
001100b0 00000038 T srvRegisterClient
001100e8 000000c8 T srvInit
001101b0 00000080 T srvGetServiceHandleDirect
00110230 00000038 T srvGetServiceHandle
00110268 0000001c t threadFree.part.0
00110284 00000194 T threadCreate
00110418 00000024 T threadJoin
0011043c 00000068 T threadExit
001104a4 00000048 t _thread_begin
001104ec 000000ac T irrstScanInput
00110598 00000024 T irrstKeysHeld
001105bc 00000050 T IRRST_GetHandles
0011060c 00000154 T irrstInit
00110760 0000002c T IRRST_Shutdown
0011078c 000000ac T irrstExit
00110838 0000000c T srvPmGetSessionHandle
00110844 00000078 T rbtree_node_next
001108bc 00000068 T encode_utf16
00110924 00000104 T encode_utf8
00110a28 00000060 T decode_utf16
00110a88 0000001c W __appInit
00110aa4 0000001c W __appExit
00110ac0 000000a0 W __libctru_exit
00110b60 00000010 t sdmc_link
00110b70 00000010 t sdmc_dirreset
00110b80 00000010 t sdmc_chmod
00110b90 00000024 t error_cmp
00110bb4 00000050 t sdmc_translate_error
00110c04 00000034 t sdmc_fsync
00110c38 00000054 t sdmc_ftruncate
00110c8c 000000b8 t sdmc_statvfs
00110d44 00000038 t sdmc_dirclose
00110d7c 0000012c t sdmc_dirnext
00110ea8 00000034 t sdmc_close
00110edc 00000074 t sdmc_fstat
00110f50 000000d8 t sdmc_seek
00111028 00000084 t sdmc_read
001110ac 000000c0 t sdmc_write
0011116c 000001b0 t sdmc_utf16path
0011131c 00000074 t sdmc_rmdir
00111390 000000a4 t sdmc_diropen
00111434 000000b0 t sdmc_chdir
001114e4 00000094 t sdmc_mkdir
00111578 00000108 t sdmc_rename
00111680 00000074 t sdmc_unlink
001116f4 00000108 t sdmc_stat
001117fc 00000198 t sdmc_open
00111994 00000010 t sdmc_fchmod
001119a4 00000168 T sdmcInit
00111b0c 00000060 T sdmcExit
00111b6c T __aeabi_read_tp
00111b78 00000234 T cosf
00111dac 00000024 t with_errnof
00111dd0 0000001c T __math_invalidf
00111dec 000000b4 T ceilf
00111ea0 00000250 T sinf
001120f0 000000f0 T sqrt
001121e0 00000008 T __ieee754_sqrt
001121e8 00000008 T matherr
001121f0 0000002c T __aeabi_d2lz
001121f0 0000002c T __fixdfdi
00112220 00000040 T __aeabi_d2ulz
00112220 00000040 T __fixunsdfdi
00112260 00000128 T __udivmoddi4
00112388 0000000c T atoi
00112394 0000007c T bsearch
00112410 00000020 T calloc
00112430 00000094 T _calloc_r
001124c4 0000000c T __errno
001124d0 00000160 T _fclose_r
00112630 00000018 T fclose
00112648 00000270 T __sflush_r
001128b8 00000094 T _fflush_r
0011294c 00000038 T fflush
00112984 00000078 t std
001129fc 0000000c T _cleanup_r
00112a08 00000048 T __sfmoreglue
00112a50 0000008c T __sinit
00112adc 00000110 T __sfp
00112bec 0000000c T __sfp_lock_acquire
00112bf8 0000000c T __sfp_lock_release
00112c04 00000040 T __libc_fini_array
00112c44 0000013c T _fopen_r
00112d80 00000020 T fopen
00112da0 00000308 T _fread_r
001130a8 00000038 T fread
001130e0 000000f8 T _malloc_trim_r
001131d8 000002e4 T _free_r
001134bc 0000001c T _fseek_r
001134d8 00000034 T fseek
0011350c 000005d0 T _fseeko_r
00113adc 00000034 T ftell
00113b10 000001bc T _ftello_r
00113ccc 00000078 T _fwalk
00113d44 00000080 T _fwalk_reent
00113dc4 0000007c T __libc_init_array
00113e40 00000094 T __swhatbuf_r
00113ed4 000000f4 T __smakebuf_r
00113fc8 00000020 T memalign
00113fe8 0000014c T _memalign_r
00114134 00000018 T malloc
0011414c 00000018 T free
00114164 000007d8 T _malloc_r
0011493c 000000fc T memcmp
00114a38 00000118 T memcpy
00114b50 00000114 T memset
00114c64 0000000c T __malloc_lock
00114c70 0000000c T __malloc_unlock
00114c7c 00000038 T printf
00114cb4 00000934 T qsort
001155e8 000004bc T _realloc_r
00115aa4 0000001c t lflush
00115ac0 000001ac T __srefill_r
00115c6c 00000064 T sprintf
00115cd0 0000003c T __sread
00115d0c 00000068 T __swrite
00115d74 00000048 T __sseek
00115dbc 00000008 T __sclose
00115dc4 00000180 T strchr
00115f44 000000f0 T strcpy
00116034 0000005c T strlen
00116090 00000098 T strncat
00116128 0000010c T strncmp
00116234 000000e0 T strncpy
00116314 0000005c T strnlen
00116370 00000494 t two_way_long_needle
00116804 00000264 T strstr
00116a68 000001bc t _strtol_l.isra.0
00116c24 00000028 T strtol
00116c4c 00000620 t get_arg
00117270 000035c0 T _svfprintf_r
0011a830 0000003c T time
0011a86c 00000620 t get_arg
0011ae90 0000373c T _vfprintf_r
0011e5cc 000000d0 t __sbprintf
0011e69c 00000054 T _wcrtomb_r
0011e6f0 00000020 T _wcsrtombs_r
0011e710 00000150 T __swsetup_r
0011e860 000001c8 t quorem
0011ea28 000012ec T _dtoa_r
0011fd14 000000b4 T __sflags
0011fdc8 0000000c T _localeconv_r
0011fdd4 00000010 T __locale_mb_cur_max
0011fde4 000002fc T __utf8_mbtowc
001200e0 00000100 T memchr
001201e0 00000154 T memmove
00120334 00000088 T _Balloc
001203bc 0000001c T _Bfree
001203d8 000000e0 T __multadd
001204b8 00000058 T __hi0bits
00120510 0000009c T __lo0bits
001205ac 00000020 T __i2b
001205cc 000001c4 T __multiply
00120790 00000100 T __pow5mult
00120890 000000f4 T __lshift
00120984 0000005c T __mcmp
001209e0 00000168 T __mdiff
00120b48 00000100 T __d2b
00120c48 000000a8 T frexp
00120cf0 00000188 T __ssprint_r
00120e78 00000034 T __sprint_r
00120eac 00000184 T _wcsnrtombs_l
00121030 0000004c T _wcsnrtombs_r
0012107c 000000e8 T __utf8_wctomb
00121164 000004a4 T __sfvwrite_r
00121608 00000008 t null_write
00121610 00000018 T setDefaultDevice
00121628 000000c8 T FindDevice
001216f0 00000028 T RemoveDevice
00121718 0000009c T AddDevice
001217b4 00000084 T _close_r
00121838 00000074 T _fstat_r
001218ac 0000002c T _gettimeofday_r
001218d8 00000008 T _isatty_r
001218e0 00000084 T _lseek_r
00121964 000000c4 T _open_r
00121a28 00000080 T _read_r
00121aa8 00000070 T _sbrk_r
00121b18 00000080 T _write_r
00121b98 000001cc T _concatenate_path
00121d64 0000015c T chdir
00121ec0 00000008 T __flockfile
00121ec8 00000008 T __funlockfile
00121ed0 00000018 T __libc_lock_acquire
00121ee8 00000018 T __libc_lock_release
00121f00 00000018 T __libc_lock_init_recursive
00121f18 00000018 T __libc_lock_acquire_recursive
00121f30 00000018 T __libc_lock_release_recursive
00121f48 00000018 T __libc_lock_close_recursive
00121f60 0000008c T __release_handle
00121fec 000000b4 T __alloc_handle
001220a0 00000018 T __get_handle
001220b8 0000006c t __dirnext
00122124 000000f4 T opendir
00122218 00000090 T closedir
001222a8 000000e0 T readdir
00122388 00000028 T __getreent
001223b0 00000044 T strrchr
001223f4 T _fini
00123000 R render2d_shbin
0012318c R render2d_shbin_end
0012318c R render2d_shbin_size
00123394 00000038 r CSWTCH.11
001233cc 00000005 r colorFmtSizes
001233d4 00000004 r depthFmtSizes
001233d8 00000010 r CSWTCH.7
00123414 00000014 r CSWTCH.56
00123428 00000008 r framebufferInfoSt
00123490 00000030 r error_table
001234d0 00000060 R __inv_pio4
00123530 000000e0 R __sincosf_table
00123618 00000004 R _global_impure_ptr
00123658 00000010 r blanks.8740
00123668 00000010 r zeroes.8741
00123678 00000010 r blanks.8755
00123688 00000010 r zeroes.8756
00123698 00000101 R _ctype_
001237ac r .LC2
001237f8 00000028 R __mprec_bigtens
00123820 000000c8 R __mprec_tens
001238e8 0000000c r p05.7474
001238f4 0000006c R __action_table
00123960 00000100 R __chclass
00123a60 0000006c R __state_table
00123ad4 00000070 R dotab_stdnull
00123b44 00000003 R DIRECTORY_PARENT
00123b48 r 
00123b48 R __exidx_end
00123b48 R __exidx_start
00124000 00000001 D isSelecting
00124004 00000044 D testSplitNames
00124048 W __stacksize__
0012404c 00000004 d framerate
00124050 00000008 d framerateCounter
00124058 00000070 d romFS_devoptab
001240c8 00000001 d botFormat
001240cc 00000008 d doubleBuf
001240d4 00000001 d topFormat
001240d8 00000004 d queueLock
001240dc 00000004 d gspLastEvent
001240e0 00000004 d aptFlags
001240e4 00000004 V __ctru_linear_heap_size
001240e8 00000401 d __cwd
001244ec 00000070 d sdmc_devoptab
0012455c 00000001 D __fdlib_version
00124560 0000000c d __sfp_recursive_mutex
0012456c 0000000c d __sinit_recursive_mutex
00124578 00000004 D _impure_ptr
00124580 00000460 d impure_data
001249e0 00000408 D __malloc_av_
00124de8 00000004 D __malloc_sbrk_base
00124dec 00000004 D __malloc_trim_threshold
00124df0 0000000c d __malloc_recursive_mutex
00124dfc 0000016c D __global_locale
00124f68 00000004 d defaultDevice
00124f6c 0000008c D devoptab_list
00124ff8 00000400 d _current_working_directory
001253f8 00000004 d __hndl_lock
001253fc 0000000c d __stderr_handle
00125408 0000000c d __stdin_handle
00125414 0000000c d __stdout_handle
00125420 00001000 d handles
00126420 t __frame_dummy_init_array_entry
00126420 T __init_array_start
00126420 B __preinit_array_end
00126420 B __preinit_array_start
00126420 D __tdata_lma
00126420 D __tdata_lma_end
00126420 D __TMC_END__
00126420 d __TMC_LIST__
00126424 t __do_global_dtors_aux_fini_array_entry
00126424 T __fini_array_start
00126424 T __init_array_end
00126428 T __bss_start__
00126428 T __fini_array_end
00126428 00000004 B selectedFile
0012642c 00000001 B foundSplits
00126430 00000004 B numFoundSplits
00126434 b saved_stack
0012643c b completed.10351
00126440 b object.10356
00126458 00000040 b s_projBot
00126498 00000040 b s_projTop
001264d8 00000004 b uLoc_mdlvMtx
001264dc 00000004 b uLoc_projMtx
001264e0 00000004 b s_glyphSheets
001264e4 00000004 b s_textScale
001264e8 0000000c b hookCookie
001264f8 00000010 b cpuTime
00126508 00000004 b firstTarget
0012650c 00000008 b frameCounter
00126514 00000004 b frameEndCb
00126518 00000004 b frameEndCbData
0012651c 00000001 b frameStage
00126520 00000010 b gpuTime
00126530 00000001 b inFrame
00126531 00000001 b inSafeTransfer
00126532 00000001 b initialized
00126534 00000004 b lastTarget
00126538 0000000c b linkedTarget
00126544 00000001 b measureGpuTime
00126548 000000c0 b C3Di_FVUnifEverDirty
00126608 00000008 b C3Di_IVUnifEverDirty
00126610 00000018 b C3Di_ShaderFVecData
00126628 0000000c b sAddrMap
00126634 00000008 b sVramPool
0012663c 00000008 b sLinearPool
00126644 0000000c b sAddrMap
00126650 00000401 b __component
00126a54 00000004 V __romfs_path
00126a58 00000802 b __utf16path
0012725c 00000004 b romfs_mount_list
00127260 00000001 V __ctru_speedup
00127264 00000004 b charPerSheet
00127268 00000004 b sharedFontAddr
0012726c 00000002 b currentBuffer
0012726e 00000001 b enable3d
00127270 00000004 b screenAlloc
00127274 00000004 b screenFree
00127278 00000004 b boundQueue
0012727c 00000004 b curQueue
00127280 00000001 b isActive
00127281 00000001 b isRunning
00127282 00000001 b shouldStop
00127284 00000004 b gspEvent
00127288 0000001c b gspEventCb
001272a4 0000001c b gspEventCbData
001272c0 00000007 b gspEventCbOneShot
001272c8 0000001c b gspEventCounts
001272e4 00000004 b gspEventData
001272e8 00000004 b gspEventThread
001272ec 00000038 b gspEvents
00127324 00000004 b gspRefCount
00127328 00000001 b gspRunEvents
00127330 00000080 b fsExemptArchives
001273b0 00000004 b fsuHandle
001273b4 00000004 b fsuRefCount
001273b8 00000001 b aptChainloadMediatype
001273c0 00000008 b aptChainloadTid
001273c8 00000004 b aptEventHandlerThread
001273cc 0000000c b aptEvents
001273d8 0000000c b aptFirstHook
001273e4 00000001 b aptHomeButtonState
001273e8 00000004 b aptLockHandle
001273ec 00000004 b aptMessageFunc
001273f0 00000004 b aptMessageFuncData
001273f4 00001000 b aptParameters
001283f4 00000004 b aptRefCount
001283f8 00000008 b aptSleepEvent
00128400 00000001 b flagInit.8274
00128401 00000001 b flagValue.8275
00128404 00000004 b serviceName.7913
00128408 00000006 b aVec
00128410 00000004 b cPos
00128414 00000006 b gRate
0012841c 00000004 b hidRefCount
00128420 00000004 b kDown
00128424 00000004 b kHeld
00128428 00000004 b kOld
0012842c 00000004 b kUp
00128430 00000004 b tPos
00128434 00000004 b ptmSysmHandle
00128438 00000004 b ptmSysmRefCount
0012843c 00000004 V __ctru_heap_size
00128440 00000008 b sMappablePool
00128448 0000000c b sAddrMap
00128454 00000004 b arbiter
00128458 00000004 b srvHandle
0012845c 00000004 b srvRefCount
00128460 00000004 b csPos
00128464 00000004 b irrstRefCount
00128468 00000004 b kHeld
0012846c 00000004 b srvPmHandle
00128470 00000008 b sdmcArchive
00128478 00000001 b sdmcInitialised
0012847c 00000028 B __malloc_current_mallinfo
001284a4 00000004 B __malloc_max_sbrked_mem
001284a8 00000004 B __malloc_max_total_mem
001284ac 00000004 B __malloc_top_pad
001284b0 00000004 b heap_start.7414
001284b4 00000004 B fake_heap_end
001284b8 00000004 B fake_heap_start
001284bc 00000400 b temp_cwd
001288bc 00000048 B __syscalls
00128908 01000000 B splitFiles
01128908 00000004 B textBuf
0112890c 00000004 B spriteSheet
01128910 00000004 B loadedSplits
01128914 00000028 B resetButton
01128940 00082808 B splitFile
011ab148 00000028 B startSplitButton
011ab170 00083130 B mainTimer
0122e2a0 000005a0 B __C2Di_Context
0122e840 000002d0 B __C3D_Context
0122eb10 00000020 B C3D_IVUnif
0122eb30 000000c0 B C3D_FVUnifDirty
0122ebf0 00000002 B C3D_BoolUnifsDirty
0122ebf4 00000008 B C3D_IVUnifDirty
0122ebfc 00000004 B C3D_BoolUnifs
0122ec00 00000c00 B C3D_FVUnif
0122f800 00000004 B g_sharedFont
0122f804 00000008 B gfxBottomFramebuffers
0122f80c 00000004 B gspSharedMemHandle
0122f810 0000001c B bottomFramebufferInfo
0122f82c 00000004 B gspEvent
0122f830 00000008 B gfxTopLeftFramebuffers
0122f838 00000008 B gfxTopRightFramebuffers
0122f840 0000001c B topFramebufferInfo
0122f85c 00000001 B gfxThreadID
0122f860 00000004 B gfxSharedMemory
0122f864 00000004 B gfxTopFramebufferMaxSize
0122f868 00000004 B gfxBottomFramebufferMaxSize
0122f86c 00000004 B gxCmdBuf
0122f870 00000004 B gpuCmdBuf
0122f874 00000004 B gpuCmdBufOffset
0122f878 00000004 B gpuCmdBufSize
0122f87c 00000004 B gspGpuHandle
0122f880 00000004 B hidMemHandle
0122f884 00000004 B hidHandle
0122f888 00000004 B hidSharedMem
0122f88c 00000014 B hidEvents
0122f8a0 00000004 B __system_retAddr
0122f8a4 00000004 B __ctru_linear_heap
0122f8a8 00000004 B __ctru_heap
0122f8ac 00000004 B __system_argv
0122f8b0 00000004 B __system_argc
0122f8b4 00000004 B irrstHandle
0122f8b8 00000004 B irrstEvent
0122f8bc 00000004 B irrstMemHandle
0122f8c0 00000004 B irrstSharedMem
0122f8c4 B __tls_start
01230cd0 B __bss_end__
01230cd0 A __end__
01230cd0 B __tls_end
