         w __deregister_frame_info
         w __register_frame_info
         w _ITM_deregisterTMCloneTable
         w _ITM_registerTMCloneTable
00000000 b .LANCHOR1
00000000 00000401 b __fixedpath
00000000 b _TLS_MODULE_BASE_
00000000 a shift
00000000 a shift
00000404 b .LANCHOR3
00000404 00000802 b __utf16path
00000c08 b .LANCHOR5
00000c08 00000802 b __utf16path_old.8577
00100000 A __start__
00100000 T _start
00100008 T __service_ptr
0010000c T __apt_appid
00100010 T __heap_size
00100014 T __linear_heap_size
00100018 T __system_arglist
0010001c T __system_runflags
00100020 t startup
00100058 t ClearMem
0010006c t ClrLoop
00100094 T _init
001000ac T initSystem
001000f0 T __ctru_exit
00100110 t .udivsi3_skip_div0_test
00100110 T __aeabi_uidiv
00100110 000001ec T __udivsi3
001002fc 00000020 T __aeabi_uidivmod
0010031c T __aeabi_idiv
0010031c 00000220 T __divsi3
00100324 t .divsi3_skip_div0_test
0010053c 00000020 T __aeabi_idivmod
0010055c 00000004 W __aeabi_idiv0
0010055c 00000004 W __aeabi_ldiv0
00100560 T __aeabi_drsub
00100568 000002b0 T __aeabi_dsub
00100568 000002b0 T __subdf3
0010056c 000002ac T __adddf3
0010056c 000002ac T __aeabi_dadd
00100818 00000024 T __aeabi_ui2d
00100818 00000024 T __floatunsidf
0010083c 00000028 T __aeabi_i2d
0010083c 00000028 T __floatsidf
00100864 00000048 T __aeabi_f2d
00100864 00000048 T __extendsfdf2
001008ac 00000074 T __aeabi_ul2d
001008ac 00000074 T __floatundidf
001008c0 00000060 T __aeabi_l2d
001008c0 00000060 T __floatdidf
00100920 T __aeabi_uldivmod
00100968 00000390 T strcmp
00100cf0 t deregister_tm_clones
00100d1c t register_tm_clones
00100d54 t __do_global_dtors_aux
00100d98 t frame_dummy
00100dcc 00000050 T SL_Timer_CreateTimer
00100e1c 0000008c T SL_Timer_LoadFromSplitFile
00100ea8 0000008c T SL_Timer_SaveToSplitFile
00100f34 000000d8 T SL_Timer_StartSplit
0010100c 00000120 T SL_Timer_Reset
0010112c 00000020 T SL_Timer_Undo
0010114c 00000048 T SL_Timer_Skip
00101198 00000214 T u64ToDelta
001013ac 000001a8 T SL_Timer_GetDeltaText
00101558 00000130 T u64ToTime
00101688 00000074 T SL_Timer_GetMainTimerText
001016fc 00000084 T SL_Timer_GetCurrSplitText
00101780 000003b0 T SL_Timer_Draw
00101b30 0000012c T drawError
00101c5c 00000114 T drawRectOutline
00101d70 00000104 T drawFiles
00101e74 00000070 T getBufferLine
00101ee4 00000168 T parseSplits
0010204c 000000a4 T loadSplits
001020f0 0000016c T saveSplits
00102260 00000574 T main
001027d4 0000032c T C2D_Init
00102b00 00000048 T C2D_Fini
00102b48 000000c8 T C2D_Prepare
00102c10 0000010c T C2D_SceneSize
00102d1c 00000044 T C2D_CreateScreenTarget
00102d60 00000140 T C2Di_CalcQuad
00102ea0 00000040 T C2Di_AppendVtx
00102ee0 00000030 T C2Di_FlushVtxBuf
00102f10 00000020 t C2Di_FrameEndHook
00102f30 00000018 T C2D_Flush
00102f48 00000030 T C2D_TargetClear
00102f78 00000218 T C2Di_Update
00103190 000002ec T C2D_DrawImage
0010347c 000001c0 T C2D_DrawRectangle
0010363c 00000018 t C2Di_GlyphComp
00103654 00000154 T C2D_TextBufNew
001037a8 00000004 T C2D_TextBufDelete
001037ac 0000000c T C2D_TextBufClear
001037b8 0000017c T C2D_TextParseLine
00103934 00000080 T C2D_TextParse
001039b4 0000002c T C2D_TextOptimize
001039e0 00000238 T C2D_DrawText
00103c18 0000006c T C2D_SpriteSheetLoadFromHandle
00103c84 00000034 T C2D_SpriteSheetLoad
00103cb8 00000028 T C2D_SpriteSheetFree
00103ce0 00000028 T C2D_SpriteSheetGetImage
00103d08 000000c4 t C3Di_SplitFrame.part.1
00103dcc 00000004 W C3Di_LightEnvUpdate
00103dd0 00000004 W C3Di_LightEnvDirty
00103dd4 000000ac t C3Di_AptEventHook
00103e80 00000004 W C3Di_GasUpdate
00103e84 0000021c T C3D_Init
001040a0 00000098 T C3D_SetViewport
00104138 0000050c T C3Di_UpdateContext
00104644 00000020 T C3Di_SplitFrame
00104664 00000064 T C3D_Fini
001046c8 00000114 T C3D_BindProgram
001047dc 00000054 t C3Di_RenderQueueInit
00104830 00000080 t C3Di_RenderTargetDestroy
001048b0 000000ac t onVBlank1
0010495c 0000013c t onVBlank0
00104a98 0000000c t C3Di_RenderTargetNew
00104aa4 0000007c t C3Di_WaitAndClearQueue
00104b20 000000c0 t onQueueFinish
00104be0 00000044 t C3D_FrameSplit.part.6
00104c24 00000030 T C3D_FrameSync
00104c54 000000a0 T C3Di_RenderQueueExit
00104cf4 00000020 T C3Di_RenderQueueWaitDone
00104d14 0000007c T C3D_FrameBegin
00104d90 00000048 T C3D_FrameDrawOn
00104dd8 00000018 T C3D_FrameSplit
00104df0 00000164 T C3D_FrameEnd
00104f54 0000001c T C3D_FrameEndHook
00104f70 0000017c T C3D_RenderTargetCreate
001050ec 0000004c T C3D_RenderTargetSetOutput
00105138 000000b4 T C3D_SyncTextureCopy
001051ec 00000284 T C3D_TexInitWithParams
00105470 000000dc T C3D_TexLoadImage
0010554c 00000048 T C3D_TexBind
00105594 0000007c T C3D_TexDelete
00105610 00000174 T C3Di_SetTex
00105784 000003e8 t Tex3DSi_ImportCommon
00105b6c 00000034 T Tex3DS_TextureImportStdio
00105ba0 0000001c T Tex3DS_GetSubTexture
00105bbc 00000004 T Tex3DS_TextureFree
00105bc0 0000001c T C3D_CalcColorBufSize
00105bdc 0000001c T C3D_CalcDepthBufSize
00105bf8 00000044 T C3D_SetFrameBuf
00105c3c 00000168 T C3Di_FrameBufBind
00105da4 000000c8 T C3D_FrameBufClear
00105e6c 00000048 T C3D_FrameBufTransfer
00105eb4 00000034 T C3D_GetTexEnv
00105ee8 00000024 T C3Di_TexEnvBind
00105f0c 0000006c T C3D_ProcTexInit
00105f78 00000050 T C3D_ProcTexBind
00105fc8 00000060 T C3D_ProcTexLutBind
00106028 000000a4 T ProcTexLut_FromArray
001060cc 00000174 T C3Di_ProcTexUpdate
00106240 00000068 T C3Di_ProcTexDirty
001062a8 00000024 T BufInfo_Init
001062cc 00000084 T BufInfo_Add
00106350 00000040 T C3D_SetBufInfo
00106390 00000048 T C3Di_BufInfoBind
001063d8 00000148 T C3D_DrawArrays
00106520 00000040 T C3D_DepthMap
00106560 0000001c T C3D_CullFace
0010657c 00000040 T C3D_StencilTest
001065bc 00000024 T C3D_StencilOp
001065e0 0000001c T C3D_BlendingColor
001065fc 00000024 T C3D_EarlyDepthTest
00106620 0000002c T C3D_DepthTest
0010664c 0000002c T C3D_AlphaTest
00106678 00000050 T C3D_AlphaBlend
001066c8 00000030 T C3D_FragOpMode
001066f8 00000044 T C3D_FragOpShadow
0010673c 000001ac T C3Di_EffectBind
001068e8 00000028 T AttrInfo_Init
00106910 000000a0 T AttrInfo_AddLoader
001069b0 00000054 T C3D_SetAttrInfo
00106a04 00000080 T C3Di_AttrInfoBind
00106a84 000000a4 T C3D_ImmSendAttrib
00106b28 000002b8 T C3D_UpdateUniforms
00106de0 000000c0 T C3Di_DirtyUniforms
00106ea0 000000e0 T C3Di_LoadShaderUniforms
00106f80 00000028 T C3Di_ClearShaderUniforms
00106fa8 000000cc T Mtx_Ortho
00107074 000000cc T Mtx_OrthoTilt
00107140 00000024 t addrMapNodeComparator(rbtree_node const*, rbtree_node const*)
00107164 00000004 t addrMapNodeDestructor(rbtree_node*)
00107168 00000110 T vramMemAlign
00107278 00000008 T vramAlloc
00107280 00000050 T vramFree
001072d0 00000024 t addrMapNodeComparator(rbtree_node const*, rbtree_node const*)
001072f4 00000004 t addrMapNodeDestructor(rbtree_node*)
001072f8 0000011c T linearMemAlign
00107414 00000008 T linearAlloc
0010741c 00000050 T linearFree
0010746c 00000090 T MemPool::CoalesceRight(MemBlock*)
001074fc 00000174 T MemPool::Allocate(MemChunk&, unsigned long, int)
00107670 000000fc T MemPool::Deallocate(MemChunk const&)
0010776c 00000008 t romfs_close
00107774 000000bc t romfs_seek
00107830 00000028 t romfs_dirreset
00107858 00000078 t romfs_fstat
001078d0 00000054 t _romfs_read_chk
00107924 000000dc t romfs_read
00107a00 00000084 t romfs_free
00107a84 0000016c t romfsMountCommon
00107bf0 00000250 t romfs_dirnext
00107e40 000000bc t romfsInitMtime.isra.4
00107efc 000000b4 t searchForFile.constprop.7
00107fb0 000000b8 t searchForDir.constprop.8
00108068 000001b4 t navigateToDir.constprop.6
0010821c 00000120 t romfs_open
0010833c 00000208 t romfs_stat
00108544 00000054 t romfs_chdir
00108598 00000078 t romfs_diropen
00108610 00000008 t romfs_dirclose
00108618 00000340 T romfsMount
00108958 00000058 t getSysTime
001089b0 00000028 t __ctru_speedup_config.part.0
001089d8 0000004c T osConvertVirtToPhys
00108a24 00000024 T osGetMemRegionUsed
00108a48 00000128 T __libctru_gtod
00108b70 00000078 T osGetTime
00108be8 00000018 T __ctru_speedup_config
00108c00 000000bc T fontEnsureMapped
00108cbc 000000dc T fontGlyphIndexFromCodePoint
00108d98 000001d8 T fontCalcGlyphPos
00108f70 0000008c t gfxSetFramebufferInfo.part.0
00108ffc 0000006c t gfxSetFramebufferInfo
00109068 00000058 t gfxGetFramebuffer.part.1
001090c0 00000010 T gfxIs3D
001090d0 00000018 T __get_bytes_per_pixel
001090e8 00000184 T gfxSetScreenFormat
0010926c 00000210 T gfxInit
0010947c 00000010 T gfxInitDefault
0010948c 000000e0 T gfxExit
0010956c 00000060 T gfxGetFramebuffer
001095cc 000000f8 T gfxConfigScreen
001096c4 000001ec T shaderInstanceInit
001098b0 00000034 T shaderInstanceFree
001098e4 00000018 T shaderInstanceGetUniformLocation
001098fc 00000018 T shaderProgramInit
00109914 0000002c T shaderProgramFree
00109940 0000006c T shaderProgramSetVsh
001099ac 000008d4 T shaderProgramConfigure
0010a280 000001f8 t DVLE_GenerateOutmap.part.0
0010a478 000001cc T DVLB_ParseFile
0010a644 00000038 T DVLB_Free
0010a67c 00000078 T DVLE_GetUniformRegister
0010a6f4 00000038 t submitGxCommand
0010a72c 00000010 T GX_BindQueue
0010a73c 00000050 T GX_ProcessCommandList
0010a78c 00000054 T GX_MemoryFill
0010a7e0 00000048 T GX_DisplayTransfer
0010a828 0000004c T GX_TextureCopy
0010a874 00000074 t gxCmdQueueDoCommands.part.0
0010a8e8 000000c8 T gxCmdQueueInterrupt
0010a9b0 0000004c T gxCmdQueueClear
0010a9fc 000000f8 T gxCmdQueueAdd
0010aaf4 00000080 T gxCmdQueueRun
0010ab74 00000060 T gxCmdQueueStop
0010abd4 00000084 T gxCmdQueueWait
0010ac58 00000138 T GPUCMD_Add
0010ad90 000000b0 T GPUCMD_Split
0010ae40 00000034 T f32tof16
0010ae74 00000034 T f32tof24
0010aea8 00000038 T f32tof31
0010aee0 00000074 T gspInit
0010af54 0000003c T gspExit
0010af90 00000034 T gspSetEventCallback
0010afc4 000000a0 T gspInitEventHandler
0010b064 00000040 T gspExitEventHandler
0010b0a4 00000044 T gspWaitForEvent
0010b0e8 00000064 T gspWaitForAnyEvent
0010b14c 00000178 t gspEventThreadMain
0010b2c4 00000120 T gspSubmitGxCommand
0010b3e4 0000006c T GSPGPU_SetBufferSwap
0010b450 0000004c T GSPGPU_FlushDataCache
0010b49c 00000034 T GSPGPU_SetLcdForceBlack
0010b4d0 00000064 T GSPGPU_RegisterInterruptRelayQueue
0010b534 0000002c T GSPGPU_UnregisterInterruptRelayQueue
0010b560 00000048 T GSPGPU_AcquireRight
0010b5a8 0000002c T GSPGPU_ReleaseRight
0010b5d4 00000080 T GSPGPU_ImportDisplayCaptureInfo
0010b654 0000002c T GSPGPU_SaveVramSysArea
0010b680 0000002c T GSPGPU_RestoreVramSysArea
0010b6ac 00000028 t fsSessionForArchive.part.0
0010b6d4 000000c4 T fsInit
0010b798 0000003c T fsExit
0010b7d4 00000064 T fsExemptFromSession
0010b838 00000054 T fsUnexemptFromSession
0010b88c 000000bc T FSUSER_OpenFile
0010b948 000000d4 T FSUSER_OpenFileDirectly
0010ba1c 000000a4 T FSUSER_DeleteFile
0010bac0 000000dc T FSUSER_RenameFile
0010bb9c 000000a4 T FSUSER_DeleteDirectory
0010bc40 000000bc T FSUSER_CreateFile
0010bcfc 000000ac T FSUSER_CreateDirectory
0010bda8 000000dc T FSUSER_RenameDirectory
0010be84 000000a0 T FSUSER_OpenDirectory
0010bf24 00000098 T FSUSER_OpenArchive
0010bfbc 00000098 T FSUSER_ControlArchive
0010c054 00000070 T FSUSER_CloseArchive
0010c0c4 00000078 T FSUSER_GetSdmcArchiveResource
0010c13c 00000064 T FSUSER_IsSdmcWritable
0010c1a0 00000058 T FSFILE_Read
0010c1f8 00000064 T FSFILE_Write
0010c25c 00000038 T FSFILE_GetSize
0010c294 00000028 T FSFILE_SetSize
0010c2bc 0000003c T FSFILE_Close
0010c2f8 00000024 T FSFILE_Flush
0010c31c 00000054 T FSDIR_Read
0010c370 0000003c T FSDIR_Close
0010c3ac 00000004 W _aptDebug
0010c3b0 00000170 T aptSendCommand
0010c520 0000003c t aptExitProcess
0010c55c 00000034 T aptHook
0010c590 0000002c T aptUnhook
0010c5bc 0000004c T APT_InquireNotification
0010c608 00000198 t aptEventHandler
0010c7a0 00000074 T APT_AppletUtility
0010c814 000000b0 T aptSetSleepAllowed
0010c8c4 000000b0 T APT_GlanceParameter
0010c974 000000c4 T APT_ReceiveParameter
0010ca38 000000bc t aptReceiveParameter.constprop.0
0010caf8 000001e0 t aptScreenTransfer
0010ccd8 00000210 t aptWaitForWakeUp
0010cee8 00000070 T APT_CancelParameter
0010cf58 0000025c T aptInit
0010d1b4 00000088 t aptClearParamQueue
0010d23c 00000208 T aptMainLoop
0010d448 0000023c T aptExit
0010d684 0000007c T APT_CheckNew3DS
0010d700 00000048 T APT_GetSharedFont
0010d748 00000028 t hidCheckSectionUpdateTime.part.0
0010d770 000000d0 T hidExit
0010d840 00000210 T hidScanInput
0010da50 00000010 T hidKeysDown
0010da60 00000018 T hidTouchRead
0010da78 00000090 T HIDUSER_GetHandles
0010db08 000001a4 T hidInit
0010dcac 00000074 T ptmSysmInit
0010dd20 0000003c T ptmSysmExit
0010dd5c 00000034 T PTMSYSM_ConfigureNew3DSCPU
0010dd90 00000128 t iov_memmove
0010deb8 000000d8 t buffer_read
0010df90 000000dc t iov_read
0010e06c 00000268 t decompress_lzss
0010e2d4 000002c4 t decompress_huff.isra.1.part.2
0010e598 000001d4 t decompress_rle
0010e76c 00000444 t decompress_lz11
0010ebb0 00000014 T decompressCallback_Stdio
0010ebc4 000000e8 T decompressHeader
0010ecac 00000268 T decompressV
0010ef14 00000014 T rbtree_init
0010ef28 0000018c t do_insert
0010f0b4 00000008 T rbtree_insert
0010f0bc 00000090 T rbtree_rotate
0010f14c 00000330 T rbtree_remove
0010f47c 00000074 T rbtree_find
0010f4f0 000000c0 T utf8_to_utf16
0010f5b0 00000138 T decode_utf8
0010f6e8 000000e8 T utf16_to_utf8
0010f7d0 00000038 W __libctru_init
0010f808 00000038 t __libctru_nanosleep
0010f840 00000030 t __ctru_get_reent
0010f870 000000fc T __system_initSyscalls
0010f96c 00000104 W __system_allocateHeaps
0010fa70 000000f0 T __system_initArgv
0010fb60 T svcControlMemory
0010fb80 T svcExitProcess
0010fb88 T svcCreateThread
0010fba8 T svcExitThread
0010fbb0 T svcSleepThread
0010fbb8 T svcReleaseMutex
0010fbc0 T svcCreateEvent
0010fbd4 T svcSignalEvent
0010fbdc T svcClearEvent
0010fbe4 T svcMapMemoryBlock
0010fbec T svcUnmapMemoryBlock
0010fbf4 T svcCreateAddressArbiter
0010fc08 T svcArbitrateAddress
0010fc20 T svcCloseHandle
0010fc28 T svcWaitSynchronization
0010fc30 T svcWaitSynchronizationN
0010fc58 T svcDuplicateHandle
0010fc6c T svcGetSystemTick
0010fc74 T svcGetSystemInfo
0010fc8c T svcConnectToPort
0010fca0 T svcSendSyncRequest
0010fca8 T svcBreak
0010fcb0 00000024 t addrMapNodeComparator(rbtree_node const*, rbtree_node const*)
0010fcd4 00000004 t addrMapNodeDestructor(rbtree_node*)
0010fcd8 000000e4 T mappableAlloc
0010fdbc 00000050 T mappableFree
0010fe0c 00000038 t LightLock_Unlock.part.1
0010fe44 0000000c T __sync_init
0010fe50 00000018 T __sync_fini
0010fe68 00000010 T __sync_get_arbiter
0010fe78 00000018 T LightLock_Init
0010fe90 0000009c T LightLock_Lock
0010ff2c 00000034 T LightLock_TryLock
0010ff60 00000020 T LightLock_Unlock
0010ff80 00000024 T RecursiveLock_Init
0010ffa4 00000030 T RecursiveLock_Lock
0010ffd4 00000058 T RecursiveLock_TryLock
0011002c 00000038 T RecursiveLock_Unlock
00110064 00000038 T LightEvent_Init
0011009c 0000007c T LightEvent_Clear
00110118 000000dc T LightEvent_Signal
001101f4 000000c0 T LightEvent_Wait
001102b4 00000080 T envGetHandle
00110334 0000004c T envDestroyHandles
00110380 00000058 T srvExit
001103d8 00000038 T srvRegisterClient
00110410 000000c8 T srvInit
001104d8 00000080 T srvGetServiceHandleDirect
00110558 00000038 T srvGetServiceHandle
00110590 0000001c t threadFree.part.0
001105ac 00000194 T threadCreate
00110740 00000024 T threadJoin
00110764 00000068 T threadExit
001107cc 00000048 t _thread_begin
00110814 000000ac T irrstScanInput
001108c0 00000024 T irrstKeysHeld
001108e4 00000050 T IRRST_GetHandles
00110934 00000154 T irrstInit
00110a88 0000002c T IRRST_Shutdown
00110ab4 000000ac T irrstExit
00110b60 0000000c T srvPmGetSessionHandle
00110b6c 00000078 T rbtree_node_next
00110be4 00000068 T encode_utf16
00110c4c 00000104 T encode_utf8
00110d50 00000060 T decode_utf16
00110db0 0000001c W __appInit
00110dcc 0000001c W __appExit
00110de8 000000a0 W __libctru_exit
00110e88 00000010 t sdmc_link
00110e98 00000010 t sdmc_dirreset
00110ea8 00000010 t sdmc_chmod
00110eb8 00000024 t error_cmp
00110edc 00000050 t sdmc_translate_error
00110f2c 00000034 t sdmc_fsync
00110f60 00000054 t sdmc_ftruncate
00110fb4 000000b8 t sdmc_statvfs
0011106c 00000038 t sdmc_dirclose
001110a4 0000012c t sdmc_dirnext
001111d0 00000034 t sdmc_close
00111204 00000074 t sdmc_fstat
00111278 000000d8 t sdmc_seek
00111350 00000084 t sdmc_read
001113d4 000000c0 t sdmc_write
00111494 000001b0 t sdmc_utf16path
00111644 00000074 t sdmc_rmdir
001116b8 000000a4 t sdmc_diropen
0011175c 000000b0 t sdmc_chdir
0011180c 00000094 t sdmc_mkdir
001118a0 00000108 t sdmc_rename
001119a8 00000074 t sdmc_unlink
00111a1c 00000108 t sdmc_stat
00111b24 00000198 t sdmc_open
00111cbc 00000010 t sdmc_fchmod
00111ccc 00000168 T sdmcInit
00111e34 00000060 T sdmcExit
00111e94 T __aeabi_read_tp
00111ea0 00000234 T cosf
001120d4 00000024 t with_errnof
001120f8 0000001c T __math_invalidf
00112114 000000b4 T ceilf
001121c8 00000250 T sinf
00112418 000000f0 T sqrt
00112508 00000008 T __ieee754_sqrt
00112510 00000008 T matherr
00112518 0000002c T __aeabi_d2lz
00112518 0000002c T __fixdfdi
00112548 00000040 T __aeabi_d2ulz
00112548 00000040 T __fixunsdfdi
00112588 00000128 T __udivmoddi4
001126b0 0000000c T atoi
001126bc 0000007c T bsearch
00112738 00000020 T calloc
00112758 00000094 T _calloc_r
001127ec 0000000c T __errno
001127f8 00000160 T _fclose_r
00112958 00000018 T fclose
00112970 00000270 T __sflush_r
00112be0 00000094 T _fflush_r
00112c74 00000038 T fflush
00112cac 00000078 t std
00112d24 0000000c T _cleanup_r
00112d30 00000048 T __sfmoreglue
00112d78 0000008c T __sinit
00112e04 00000110 T __sfp
00112f14 0000000c T __sfp_lock_acquire
00112f20 0000000c T __sfp_lock_release
00112f2c 00000040 T __libc_fini_array
00112f6c 0000013c T _fopen_r
001130a8 00000020 T fopen
001130c8 0000003c T fprintf
00113104 00000308 T _fread_r
0011340c 00000038 T fread
00113444 000000f8 T _malloc_trim_r
0011353c 000002e4 T _free_r
00113820 0000001c T _fseek_r
0011383c 00000034 T fseek
00113870 000005d0 T _fseeko_r
00113e40 00000034 T ftell
00113e74 000001bc T _ftello_r
00114030 00000078 T _fwalk
001140a8 00000080 T _fwalk_reent
00114128 0000007c T __libc_init_array
001141a4 00000094 T __swhatbuf_r
00114238 000000f4 T __smakebuf_r
0011432c 00000020 T memalign
0011434c 0000014c T _memalign_r
00114498 00000018 T malloc
001144b0 00000018 T free
001144c8 000007d8 T _malloc_r
00114ca0 000000fc T memcmp
00114d9c 00000118 T memcpy
00114eb4 00000114 T memset
00114fc8 0000000c T __malloc_lock
00114fd4 0000000c T __malloc_unlock
00114fe0 00000038 T printf
00115018 00000934 T qsort
0011594c 000004bc T _realloc_r
00115e08 0000001c t lflush
00115e24 000001ac T __srefill_r
00115fd0 00000064 T sprintf
00116034 0000003c T __sread
00116070 00000068 T __swrite
001160d8 00000048 T __sseek
00116120 00000008 T __sclose
00116128 00000180 T strchr
001162a8 000000f0 T strcpy
00116398 0000005c T strlen
001163f4 00000098 T strncat
0011648c 0000010c T strncmp
00116598 000000e0 T strncpy
00116678 0000005c T strnlen
001166d4 00000494 t two_way_long_needle
00116b68 00000264 T strstr
00116dcc 000001bc t _strtol_l.isra.0
00116f88 00000028 T strtol
00116fb0 00000620 t get_arg
001175d0 000035c0 T _svfprintf_r
0011ab90 0000003c T time
0011abcc 00000620 t get_arg
0011b1f0 0000373c T _vfprintf_r
0011e92c 000000d0 t __sbprintf
0011e9fc 00000054 T _wcrtomb_r
0011ea50 00000020 T _wcsrtombs_r
0011ea70 00000150 T __swsetup_r
0011ebc0 000001c8 t quorem
0011ed88 000012ec T _dtoa_r
00120074 000000b4 T __sflags
00120128 0000000c T _localeconv_r
00120134 00000010 T __locale_mb_cur_max
00120144 000002fc T __utf8_mbtowc
00120440 00000100 T memchr
00120540 00000154 T memmove
00120694 00000088 T _Balloc
0012071c 0000001c T _Bfree
00120738 000000e0 T __multadd
00120818 00000058 T __hi0bits
00120870 0000009c T __lo0bits
0012090c 00000020 T __i2b
0012092c 000001c4 T __multiply
00120af0 00000100 T __pow5mult
00120bf0 000000f4 T __lshift
00120ce4 0000005c T __mcmp
00120d40 00000168 T __mdiff
00120ea8 00000100 T __d2b
00120fa8 000000a8 T frexp
00121050 00000188 T __ssprint_r
001211d8 00000034 T __sprint_r
0012120c 00000184 T _wcsnrtombs_l
00121390 0000004c T _wcsnrtombs_r
001213dc 000000e8 T __utf8_wctomb
001214c4 000004a4 T __sfvwrite_r
00121968 00000008 t null_write
00121970 00000018 T setDefaultDevice
00121988 000000c8 T FindDevice
00121a50 00000028 T RemoveDevice
00121a78 0000009c T AddDevice
00121b14 00000084 T _close_r
00121b98 00000074 T _fstat_r
00121c0c 0000002c T _gettimeofday_r
00121c38 00000008 T _isatty_r
00121c40 00000084 T _lseek_r
00121cc4 000000c4 T _open_r
00121d88 00000080 T _read_r
00121e08 00000070 T _sbrk_r
00121e78 00000080 T _write_r
00121ef8 000001cc T _concatenate_path
001220c4 0000015c T chdir
00122220 00000008 T __flockfile
00122228 00000008 T __funlockfile
00122230 00000018 T __libc_lock_acquire
00122248 00000018 T __libc_lock_release
00122260 00000018 T __libc_lock_init_recursive
00122278 00000018 T __libc_lock_acquire_recursive
00122290 00000018 T __libc_lock_release_recursive
001222a8 00000018 T __libc_lock_close_recursive
001222c0 0000008c T __release_handle
0012234c 000000b4 T __alloc_handle
00122400 00000018 T __get_handle
00122418 0000006c t __dirnext
00122484 000000f4 T opendir
00122578 00000090 T closedir
00122608 000000e0 T readdir
001226e8 00000028 T __getreent
00122710 00000044 T strrchr
00122754 T _fini
00123000 R render2d_shbin
0012318c R render2d_shbin_end
0012318c R render2d_shbin_size
00123394 00000038 r CSWTCH.11
001233cc 00000005 r colorFmtSizes
001233d4 00000004 r depthFmtSizes
001233d8 00000010 r CSWTCH.7
00123414 00000014 r CSWTCH.56
00123428 00000008 r framebufferInfoSt
00123490 00000030 r error_table
001234d0 00000060 R __inv_pio4
00123530 000000e0 R __sincosf_table
00123618 00000004 R _global_impure_ptr
00123658 00000010 r blanks.8740
00123668 00000010 r zeroes.8741
00123678 00000010 r blanks.8755
00123688 00000010 r zeroes.8756
00123698 00000101 R _ctype_
001237ac r .LC2
001237f8 00000028 R __mprec_bigtens
00123820 000000c8 R __mprec_tens
001238e8 0000000c r p05.7474
001238f4 0000006c R __action_table
00123960 00000100 R __chclass
00123a60 0000006c R __state_table
00123ad4 00000070 R dotab_stdnull
00123b44 00000003 R DIRECTORY_PARENT
00123b48 r 
00123b48 R __exidx_end
00123b48 R __exidx_start
00124000 00000001 D isSelecting
00124004 W __stacksize__
00124008 00000004 d framerate
0012400c 00000008 d framerateCounter
00124014 00000070 d romFS_devoptab
00124084 00000001 d botFormat
00124088 00000008 d doubleBuf
00124090 00000001 d topFormat
00124094 00000004 d queueLock
00124098 00000004 d gspLastEvent
0012409c 00000004 d aptFlags
001240a0 00000004 V __ctru_linear_heap_size
001240a4 00000401 d __cwd
001244a8 00000070 d sdmc_devoptab
00124518 00000001 D __fdlib_version
0012451c 0000000c d __sfp_recursive_mutex
00124528 0000000c d __sinit_recursive_mutex
00124534 00000004 D _impure_ptr
00124538 00000460 d impure_data
00124998 00000408 D __malloc_av_
00124da0 00000004 D __malloc_sbrk_base
00124da4 00000004 D __malloc_trim_threshold
00124da8 0000000c d __malloc_recursive_mutex
00124db4 0000016c D __global_locale
00124f20 00000004 d defaultDevice
00124f24 0000008c D devoptab_list
00124fb0 00000400 d _current_working_directory
001253b0 00000004 d __hndl_lock
001253b4 0000000c d __stderr_handle
001253c0 0000000c d __stdin_handle
001253cc 0000000c d __stdout_handle
001253d8 00001000 d handles
001263d8 t __frame_dummy_init_array_entry
001263d8 T __init_array_start
001263d8 B __preinit_array_end
001263d8 B __preinit_array_start
001263d8 D __tdata_lma
001263d8 D __tdata_lma_end
001263d8 D __TMC_END__
001263d8 d __TMC_LIST__
001263dc t __do_global_dtors_aux_fini_array_entry
001263dc T __fini_array_start
001263dc T __init_array_end
001263e0 T __bss_start__
001263e0 T __fini_array_end
001263e0 00000004 B selectedFile
001263e4 00000001 B foundSplits
001263e8 00000004 B numFoundSplits
001263ec b saved_stack
001263f4 b completed.10351
001263f8 b object.10356
00126410 00000040 b s_projBot
00126450 00000040 b s_projTop
00126490 00000004 b uLoc_mdlvMtx
00126494 00000004 b uLoc_projMtx
00126498 00000004 b s_glyphSheets
0012649c 00000004 b s_textScale
001264a0 0000000c b hookCookie
001264b0 00000010 b cpuTime
001264c0 00000004 b firstTarget
001264c4 00000008 b frameCounter
001264cc 00000004 b frameEndCb
001264d0 00000004 b frameEndCbData
001264d4 00000001 b frameStage
001264d8 00000010 b gpuTime
001264e8 00000001 b inFrame
001264e9 00000001 b inSafeTransfer
001264ea 00000001 b initialized
001264ec 00000004 b lastTarget
001264f0 0000000c b linkedTarget
001264fc 00000001 b measureGpuTime
00126500 000000c0 b C3Di_FVUnifEverDirty
001265c0 00000008 b C3Di_IVUnifEverDirty
001265c8 00000018 b C3Di_ShaderFVecData
001265e0 0000000c b sAddrMap
001265ec 00000008 b sVramPool
001265f4 00000008 b sLinearPool
001265fc 0000000c b sAddrMap
00126608 00000401 b __component
00126a0c 00000004 V __romfs_path
00126a10 00000802 b __utf16path
00127214 00000004 b romfs_mount_list
00127218 00000001 V __ctru_speedup
0012721c 00000004 b charPerSheet
00127220 00000004 b sharedFontAddr
00127224 00000002 b currentBuffer
00127226 00000001 b enable3d
00127228 00000004 b screenAlloc
0012722c 00000004 b screenFree
00127230 00000004 b boundQueue
00127234 00000004 b curQueue
00127238 00000001 b isActive
00127239 00000001 b isRunning
0012723a 00000001 b shouldStop
0012723c 00000004 b gspEvent
00127240 0000001c b gspEventCb
0012725c 0000001c b gspEventCbData
00127278 00000007 b gspEventCbOneShot
00127280 0000001c b gspEventCounts
0012729c 00000004 b gspEventData
001272a0 00000004 b gspEventThread
001272a4 00000038 b gspEvents
001272dc 00000004 b gspRefCount
001272e0 00000001 b gspRunEvents
001272e8 00000080 b fsExemptArchives
00127368 00000004 b fsuHandle
0012736c 00000004 b fsuRefCount
00127370 00000001 b aptChainloadMediatype
00127378 00000008 b aptChainloadTid
00127380 00000004 b aptEventHandlerThread
00127384 0000000c b aptEvents
00127390 0000000c b aptFirstHook
0012739c 00000001 b aptHomeButtonState
001273a0 00000004 b aptLockHandle
001273a4 00000004 b aptMessageFunc
001273a8 00000004 b aptMessageFuncData
001273ac 00001000 b aptParameters
001283ac 00000004 b aptRefCount
001283b0 00000008 b aptSleepEvent
001283b8 00000001 b flagInit.8274
001283b9 00000001 b flagValue.8275
001283bc 00000004 b serviceName.7913
001283c0 00000006 b aVec
001283c8 00000004 b cPos
001283cc 00000006 b gRate
001283d4 00000004 b hidRefCount
001283d8 00000004 b kDown
001283dc 00000004 b kHeld
001283e0 00000004 b kOld
001283e4 00000004 b kUp
001283e8 00000004 b tPos
001283ec 00000004 b ptmSysmHandle
001283f0 00000004 b ptmSysmRefCount
001283f4 00000004 V __ctru_heap_size
001283f8 00000008 b sMappablePool
00128400 0000000c b sAddrMap
0012840c 00000004 b arbiter
00128410 00000004 b srvHandle
00128414 00000004 b srvRefCount
00128418 00000004 b csPos
0012841c 00000004 b irrstRefCount
00128420 00000004 b kHeld
00128424 00000004 b srvPmHandle
00128428 00000008 b sdmcArchive
00128430 00000001 b sdmcInitialised
00128434 00000028 B __malloc_current_mallinfo
0012845c 00000004 B __malloc_max_sbrked_mem
00128460 00000004 B __malloc_max_total_mem
00128464 00000004 B __malloc_top_pad
00128468 00000004 b heap_start.7414
0012846c 00000004 B fake_heap_end
00128470 00000004 B fake_heap_start
00128474 00000400 b temp_cwd
00128874 00000048 B __syscalls
001288c0 01000000 B splitFiles
011288c0 00000004 B textBuf
011288c4 00000004 B spriteSheet
011288c8 00000004 B loadedSplits
011288cc 00000028 B resetButton
011288f8 00082808 B splitFile
011ab100 00000028 B startSplitButton
011ab128 00083128 B mainTimer
0122e250 000005a0 B __C2Di_Context
0122e7f0 000002d0 B __C3D_Context
0122eac0 00000020 B C3D_IVUnif
0122eae0 000000c0 B C3D_FVUnifDirty
0122eba0 00000002 B C3D_BoolUnifsDirty
0122eba4 00000008 B C3D_IVUnifDirty
0122ebac 00000004 B C3D_BoolUnifs
0122ebb0 00000c00 B C3D_FVUnif
0122f7b0 00000004 B g_sharedFont
0122f7b4 00000008 B gfxBottomFramebuffers
0122f7bc 00000004 B gspSharedMemHandle
0122f7c0 0000001c B bottomFramebufferInfo
0122f7dc 00000004 B gspEvent
0122f7e0 00000008 B gfxTopLeftFramebuffers
0122f7e8 00000008 B gfxTopRightFramebuffers
0122f7f0 0000001c B topFramebufferInfo
0122f80c 00000001 B gfxThreadID
0122f810 00000004 B gfxSharedMemory
0122f814 00000004 B gfxTopFramebufferMaxSize
0122f818 00000004 B gfxBottomFramebufferMaxSize
0122f81c 00000004 B gxCmdBuf
0122f820 00000004 B gpuCmdBuf
0122f824 00000004 B gpuCmdBufOffset
0122f828 00000004 B gpuCmdBufSize
0122f82c 00000004 B gspGpuHandle
0122f830 00000004 B hidMemHandle
0122f834 00000004 B hidHandle
0122f838 00000004 B hidSharedMem
0122f83c 00000014 B hidEvents
0122f850 00000004 B __system_retAddr
0122f854 00000004 B __ctru_linear_heap
0122f858 00000004 B __ctru_heap
0122f85c 00000004 B __system_argv
0122f860 00000004 B __system_argc
0122f864 00000004 B irrstHandle
0122f868 00000004 B irrstEvent
0122f86c 00000004 B irrstMemHandle
0122f870 00000004 B irrstSharedMem
0122f874 B __tls_start
01230c80 B __bss_end__
01230c80 A __end__
01230c80 B __tls_end
